0 info it worked if it ends with ok
1 verbose cli [ '/usr/bin/nodejs', '/usr/bin/npm', 'install' ]
2 info using npm@3.5.2
3 info using node@v4.2.6
4 silly loadCurrentTree Starting
5 silly install loadCurrentTree
6 silly install readLocalPackageData
7 silly install normalizeTree
8 silly loadCurrentTree Finishing
9 silly loadIdealTree Starting
10 silly install loadIdealTree
11 silly cloneCurrentTree Starting
12 silly install cloneCurrentTreeToIdealTree
13 silly cloneCurrentTree Finishing
14 silly loadShrinkwrap Starting
15 silly install loadShrinkwrap
16 silly loadShrinkwrap Finishing
17 silly loadAllDepsIntoIdealTree Starting
18 silly install loadAllDepsIntoIdealTree
19 silly fetchNamedPackageData mysql
20 silly mapToRegistry name mysql
21 silly mapToRegistry using default registry
22 silly mapToRegistry registry https://registry.npmjs.org/
23 silly mapToRegistry uri https://registry.npmjs.org/mysql
24 verbose request uri https://registry.npmjs.org/mysql
25 verbose request no auth needed
26 info attempt registry request try #1 at 12:01:59 AM
27 verbose request id 15a347f42db99302
28 verbose etag "5a5c6f53-248ea"
29 verbose lastModified Mon, 15 Jan 2018 9:07:31 GMT
30 http request GET https://registry.npmjs.org/mysql
31 http 304 https://registry.npmjs.org/mysql
32 verbose headers { date: 'Mon, 15 Jan 2018 18:32:03 GMT',
32 verbose headers   via: '1.1 varnish',
32 verbose headers   'cache-control': 'max-age=300',
32 verbose headers   etag: '"5a5c6f53-248ea"',
32 verbose headers   age: '4928',
32 verbose headers   connection: 'keep-alive',
32 verbose headers   'x-served-by': 'cache-sin18024-SIN',
32 verbose headers   'x-cache': 'HIT',
32 verbose headers   'x-cache-hits': '3',
32 verbose headers   'x-timer': 'S1516041124.522883,VS0,VE0',
32 verbose headers   vary: 'Accept-Encoding, Accept' }
33 silly get cb [ 304,
33 silly get   { date: 'Mon, 15 Jan 2018 18:32:03 GMT',
33 silly get     via: '1.1 varnish',
33 silly get     'cache-control': 'max-age=300',
33 silly get     etag: '"5a5c6f53-248ea"',
33 silly get     age: '4928',
33 silly get     connection: 'keep-alive',
33 silly get     'x-served-by': 'cache-sin18024-SIN',
33 silly get     'x-cache': 'HIT',
33 silly get     'x-cache-hits': '3',
33 silly get     'x-timer': 'S1516041124.522883,VS0,VE0',
33 silly get     vary: 'Accept-Encoding, Accept' } ]
34 verbose etag https://registry.npmjs.org/mysql from cache
35 verbose get saving mysql to /home/sarvesh/.npm/registry.npmjs.org/mysql/.cache.json
36 silly fetchPackageMetaData Error: No compatible version found: mysql@^3.1.3
36 silly fetchPackageMetaData Valid install targets:
36 silly fetchPackageMetaData 2.15.0, 2.14.1, 2.14.0, 2.13.0, 2.12.0, 2.11.1, 2.11.0, 2.10.2, 2.10.1, 2.10.0, 2.9.0, 2.8.0, 2.7.0, 2.6.2, 2.6.1, 2.6.0, 2.5.5, 2.5.4, 2.5.3, 2.5.2, 2.5.1, 2.5.0, 2.4.3, 2.4.2, 2.4.1, 2.4.0, 2.3.2, 2.3.1, 2.3.0, 2.2.0, 2.1.1, 2.1.0, 2.0.1, 2.0.0, 2.0.0-rc2, 2.0.0-rc1, 2.0.0-alpha9, 2.0.0-alpha8, 2.0.0-alpha7, 2.0.0-alpha6, 2.0.0-alpha5, 2.0.0-alpha4, 2.0.0-alpha3, 2.0.0-alpha2, 2.0.0-alpha, 0.9.6, 0.9.5, 0.9.4, 0.9.3, 0.9.2, 0.9.1, 0.9.0, 0.8.0, 0.7.0, 0.6.0, 0.5.0, 0.4.0, 0.3.0, 0.2.0, 0.1.0
36 silly fetchPackageMetaData
36 silly fetchPackageMetaData     at pickVersionFromRegistryDocument (/usr/share/npm/lib/fetch-package-metadata.js:156:16)
36 silly fetchPackageMetaData     at /usr/share/npm/node_modules/iferr/index.js:13:50
36 silly fetchPackageMetaData     at /usr/share/npm/lib/utils/pulse-till-done.js:19:8
36 silly fetchPackageMetaData     at saved (/usr/share/npm/lib/cache/caching-client.js:168:7)
36 silly fetchPackageMetaData     at /usr/share/npm/node_modules/graceful-fs/polyfills.js:210:7
36 silly fetchPackageMetaData     at FSReqWrap.oncomplete (fs.js:82:15)
36 silly fetchPackageMetaData  error for mysql@^3.1.3 [Error: No compatible version found: mysql@^3.1.3
36 silly fetchPackageMetaData Valid install targets:
36 silly fetchPackageMetaData 2.15.0, 2.14.1, 2.14.0, 2.13.0, 2.12.0, 2.11.1, 2.11.0, 2.10.2, 2.10.1, 2.10.0, 2.9.0, 2.8.0, 2.7.0, 2.6.2, 2.6.1, 2.6.0, 2.5.5, 2.5.4, 2.5.3, 2.5.2, 2.5.1, 2.5.0, 2.4.3, 2.4.2, 2.4.1, 2.4.0, 2.3.2, 2.3.1, 2.3.0, 2.2.0, 2.1.1, 2.1.0, 2.0.1, 2.0.0, 2.0.0-rc2, 2.0.0-rc1, 2.0.0-alpha9, 2.0.0-alpha8, 2.0.0-alpha7, 2.0.0-alpha6, 2.0.0-alpha5, 2.0.0-alpha4, 2.0.0-alpha3, 2.0.0-alpha2, 2.0.0-alpha, 0.9.6, 0.9.5, 0.9.4, 0.9.3, 0.9.2, 0.9.1, 0.9.0, 0.8.0, 0.7.0, 0.6.0, 0.5.0, 0.4.0, 0.3.0, 0.2.0, 0.1.0
36 silly fetchPackageMetaData ]
37 silly rollbackFailedOptional Starting
38 silly rollbackFailedOptional Finishing
39 silly runTopLevelLifecycles Starting
40 silly runTopLevelLifecycles Finishing
41 silly install printInstalled
42 verbose stack Error: No compatible version found: mysql@^3.1.3
42 verbose stack Valid install targets:
42 verbose stack 2.15.0, 2.14.1, 2.14.0, 2.13.0, 2.12.0, 2.11.1, 2.11.0, 2.10.2, 2.10.1, 2.10.0, 2.9.0, 2.8.0, 2.7.0, 2.6.2, 2.6.1, 2.6.0, 2.5.5, 2.5.4, 2.5.3, 2.5.2, 2.5.1, 2.5.0, 2.4.3, 2.4.2, 2.4.1, 2.4.0, 2.3.2, 2.3.1, 2.3.0, 2.2.0, 2.1.1, 2.1.0, 2.0.1, 2.0.0, 2.0.0-rc2, 2.0.0-rc1, 2.0.0-alpha9, 2.0.0-alpha8, 2.0.0-alpha7, 2.0.0-alpha6, 2.0.0-alpha5, 2.0.0-alpha4, 2.0.0-alpha3, 2.0.0-alpha2, 2.0.0-alpha, 0.9.6, 0.9.5, 0.9.4, 0.9.3, 0.9.2, 0.9.1, 0.9.0, 0.8.0, 0.7.0, 0.6.0, 0.5.0, 0.4.0, 0.3.0, 0.2.0, 0.1.0
42 verbose stack
42 verbose stack     at pickVersionFromRegistryDocument (/usr/share/npm/lib/fetch-package-metadata.js:156:16)
42 verbose stack     at /usr/share/npm/node_modules/iferr/index.js:13:50
42 verbose stack     at /usr/share/npm/lib/utils/pulse-till-done.js:19:8
42 verbose stack     at saved (/usr/share/npm/lib/cache/caching-client.js:168:7)
42 verbose stack     at /usr/share/npm/node_modules/graceful-fs/polyfills.js:210:7
42 verbose stack     at FSReqWrap.oncomplete (fs.js:82:15)
43 verbose cwd /home/sarvesh/Documents/Ubuntu stuff/recursion
44 error Linux 4.13.0-26-generic
45 error argv "/usr/bin/nodejs" "/usr/bin/npm" "install"
46 error node v4.2.6
47 error npm  v3.5.2
48 error No compatible version found: mysql@^3.1.3
48 error Valid install targets:
48 error 2.15.0, 2.14.1, 2.14.0, 2.13.0, 2.12.0, 2.11.1, 2.11.0, 2.10.2, 2.10.1, 2.10.0, 2.9.0, 2.8.0, 2.7.0, 2.6.2, 2.6.1, 2.6.0, 2.5.5, 2.5.4, 2.5.3, 2.5.2, 2.5.1, 2.5.0, 2.4.3, 2.4.2, 2.4.1, 2.4.0, 2.3.2, 2.3.1, 2.3.0, 2.2.0, 2.1.1, 2.1.0, 2.0.1, 2.0.0, 2.0.0-rc2, 2.0.0-rc1, 2.0.0-alpha9, 2.0.0-alpha8, 2.0.0-alpha7, 2.0.0-alpha6, 2.0.0-alpha5, 2.0.0-alpha4, 2.0.0-alpha3, 2.0.0-alpha2, 2.0.0-alpha, 0.9.6, 0.9.5, 0.9.4, 0.9.3, 0.9.2, 0.9.1, 0.9.0, 0.8.0, 0.7.0, 0.6.0, 0.5.0, 0.4.0, 0.3.0, 0.2.0, 0.1.0
49 error If you need help, you may report this error at:
49 error     <https://github.com/npm/npm/issues>
50 verbose exit [ 1, true ]
